Flow report for oled
Wed Dec  1 12:46:20 2021
Quartus Prime Version 21.1.0 Build 842 10/21/2021 SJ Lite Edition


---------------------
; Table of Contents ;
---------------------
  1. Legal Notice
  2. Flow Summary
  3. Flow Settings
  4. Flow Non-Default Global Settings
  5. Flow Elapsed Time
  6. Flow OS Summary
  7. Flow Log
  8. Flow Messages
  9. Flow Suppressed Messages



----------------
; Legal Notice ;
----------------
Copyright (C) 2021  Intel Corporation. All rights reserved.
Your use of Intel Corporation's design tools, logic functions 
and other software and tools, and any partner logic 
functions, and any output files from any of the foregoing 
(including device programming or simulation files), and any 
associated documentation or information are expressly subject 
to the terms and conditions of the Intel Program License 
Subscription Agreement, the Intel Quartus Prime License Agreement,
the Intel FPGA IP License Agreement, or other applicable license
agreement, including, without limitation, that your use is for
the sole purpose of programming logic devices manufactured by
Intel and sold by Intel or its authorized distributors.  Please
refer to the applicable agreement for further details, at
https://fpgasoftware.intel.com/eula.



+----------------------------------------------------------------------------------+
; Flow Summary                                                                     ;
+------------------------------------+---------------------------------------------+
; Flow Status                        ; Successful - Wed Dec  1 12:46:20 2021       ;
; Quartus Prime Version              ; 21.1.0 Build 842 10/21/2021 SJ Lite Edition ;
; Revision Name                      ; oled                                        ;
; Top-level Entity Name              ; oled_drive                                  ;
; Family                             ; Cyclone 10 LP                               ;
; Device                             ; 10CL010YU256C8G                             ;
; Timing Models                      ; Final                                       ;
; Total logic elements               ; 9,748 / 10,320 ( 94 % )                     ;
;     Total combinational functions  ; 7,083 / 10,320 ( 69 % )                     ;
;     Dedicated logic registers      ; 5,513 / 10,320 ( 53 % )                     ;
; Total registers                    ; 5513                                        ;
; Total pins                         ; 13 / 177 ( 7 % )                            ;
; Total virtual pins                 ; 0                                           ;
; Total memory bits                  ; 47,744 / 423,936 ( 11 % )                   ;
; Embedded Multiplier 9-bit elements ; 0 / 46 ( 0 % )                              ;
; Total PLLs                         ; 0 / 2 ( 0 % )                               ;
+------------------------------------+---------------------------------------------+


+-----------------------------------------+
; Flow Settings                           ;
+-------------------+---------------------+
; Option            ; Setting             ;
+-------------------+---------------------+
; Start date & time ; 12/01/2021 12:45:03 ;
; Main task         ; Compilation         ;
; Revision Name     ; oled                ;
+-------------------+---------------------+


+------------------------------------------------------------------------------------------------------------------------------------------------------------------------------------------------------------------------------------------------------------------------------------------------------------------+
; Flow Non-Default Global Settings                                                                                                                                                                                                                                                                                 ;
+--------------------------------------+---------------------------------------------------------------------------------------------------------------------------------------------------------------------------------------------------------+---------------+-------------+-----------------------------------+
; Assignment Name                      ; Value                                                                                                                                                                                                   ; Default Value ; Entity Name ; Section Id                        ;
+--------------------------------------+---------------------------------------------------------------------------------------------------------------------------------------------------------------------------------------------------------+---------------+-------------+-----------------------------------+
; COMPILER_SIGNATURE_ID                ; 963356567970.163833390304212                                                                                                                                                                            ; --            ; --          ; --                                ;
; EDA_DESIGN_INSTANCE_NAME             ; NA                                                                                                                                                                                                      ; --            ; --          ; spi_writebyte                     ;
; EDA_DESIGN_INSTANCE_NAME             ; NA                                                                                                                                                                                                      ; --            ; --          ; init_tb                           ;
; EDA_DESIGN_INSTANCE_NAME             ; NA                                                                                                                                                                                                      ; --            ; --          ; oled_drive                        ;
; EDA_GENERATE_FUNCTIONAL_NETLIST      ; Off                                                                                                                                                                                                     ; --            ; --          ; eda_board_design_timing           ;
; EDA_GENERATE_FUNCTIONAL_NETLIST      ; Off                                                                                                                                                                                                     ; --            ; --          ; eda_board_design_boundary_scan    ;
; EDA_GENERATE_FUNCTIONAL_NETLIST      ; Off                                                                                                                                                                                                     ; --            ; --          ; eda_board_design_signal_integrity ;
; EDA_GENERATE_FUNCTIONAL_NETLIST      ; Off                                                                                                                                                                                                     ; --            ; --          ; eda_board_design_symbol           ;
; EDA_NATIVELINK_SIMULATION_TEST_BENCH ; oled_drive                                                                                                                                                                                              ; --            ; --          ; eda_simulation                    ;
; EDA_OUTPUT_DATA_FORMAT               ; Verilog Hdl                                                                                                                                                                                             ; --            ; --          ; eda_simulation                    ;
; EDA_SIMULATION_TOOL                  ; ModelSim (Verilog)                                                                                                                                                                                      ; <None>        ; --          ; --                                ;
; EDA_TEST_BENCH_ENABLE_STATUS         ; TEST_BENCH_MODE                                                                                                                                                                                         ; --            ; --          ; eda_simulation                    ;
; EDA_TEST_BENCH_FILE                  ; spi_writebyte_tb.v                                                                                                                                                                                      ; --            ; --          ; spi_writebyte                     ;
; EDA_TEST_BENCH_FILE                  ; oled_init_tb.v                                                                                                                                                                                          ; --            ; --          ; init_tb                           ;
; EDA_TEST_BENCH_FILE                  ; oled_drive_tb.v                                                                                                                                                                                         ; --            ; --          ; oled_drive                        ;
; EDA_TEST_BENCH_MODULE_NAME           ; spi_writebyte_tb                                                                                                                                                                                        ; --            ; --          ; spi_writebyte                     ;
; EDA_TEST_BENCH_MODULE_NAME           ; oled_init_tb                                                                                                                                                                                            ; --            ; --          ; init_tb                           ;
; EDA_TEST_BENCH_MODULE_NAME           ; oled_drive_tb                                                                                                                                                                                           ; --            ; --          ; oled_drive                        ;
; EDA_TEST_BENCH_NAME                  ; spi_writebyte                                                                                                                                                                                           ; --            ; --          ; eda_simulation                    ;
; EDA_TEST_BENCH_NAME                  ; oled_drive                                                                                                                                                                                              ; --            ; --          ; eda_simulation                    ;
; EDA_TEST_BENCH_NAME                  ; init_tb                                                                                                                                                                                                 ; --            ; --          ; eda_simulation                    ;
; EDA_TEST_BENCH_RUN_SIM_FOR           ; 1 s                                                                                                                                                                                                     ; --            ; --          ; spi_writebyte                     ;
; EDA_TEST_BENCH_RUN_SIM_FOR           ; 5 s                                                                                                                                                                                                     ; --            ; --          ; oled_drive                        ;
; EDA_TIME_SCALE                       ; 1 ns                                                                                                                                                                                                    ; --            ; --          ; eda_simulation                    ;
; ENABLE_SIGNALTAP                     ; On                                                                                                                                                                                                      ; --            ; --          ; --                                ;
; MAX_CORE_JUNCTION_TEMP               ; 85                                                                                                                                                                                                      ; --            ; --          ; --                                ;
; MIN_CORE_JUNCTION_TEMP               ; 0                                                                                                                                                                                                       ; --            ; --          ; --                                ;
; NOMINAL_CORE_SUPPLY_VOLTAGE          ; 1.2V                                                                                                                                                                                                    ; --            ; --          ; --                                ;
; PARTITION_COLOR                      ; -- (Not supported for targeted family)                                                                                                                                                                  ; --            ; oled_drive  ; Top                               ;
; PARTITION_FITTER_PRESERVATION_LEVEL  ; -- (Not supported for targeted family)                                                                                                                                                                  ; --            ; oled_drive  ; Top                               ;
; PARTITION_NETLIST_TYPE               ; -- (Not supported for targeted family)                                                                                                                                                                  ; --            ; oled_drive  ; Top                               ;
; POWER_BOARD_THERMAL_MODEL            ; None (CONSERVATIVE)                                                                                                                                                                                     ; --            ; --          ; --                                ;
; POWER_PRESET_COOLING_SOLUTION        ; 23 MM HEAT SINK WITH 200 LFPM AIRFLOW                                                                                                                                                                   ; --            ; --          ; --                                ;
; PROJECT_OUTPUT_DIRECTORY             ; output_files                                                                                                                                                                                            ; --            ; --          ; --                                ;
; SLD_FILE                             ; db/stp1_auto_stripped.stp                                                                                                                                                                               ; --            ; --          ; --                                ;
; SLD_NODE_CREATOR_ID                  ; 110                                                                                                                                                                                                     ; --            ; --          ; auto_signaltap_0                  ;
; SLD_NODE_ENTITY_NAME                 ; sld_signaltap                                                                                                                                                                                           ; --            ; --          ; auto_signaltap_0                  ;
; SLD_NODE_PARAMETER_ASSIGNMENT        ; SLD_RAM_BLOCK_TYPE=AUTO                                                                                                                                                                                 ; --            ; --          ; auto_signaltap_0                  ;
; SLD_NODE_PARAMETER_ASSIGNMENT        ; SLD_NODE_INFO=805334528                                                                                                                                                                                 ; --            ; --          ; auto_signaltap_0                  ;
; SLD_NODE_PARAMETER_ASSIGNMENT        ; SLD_POWER_UP_TRIGGER=0                                                                                                                                                                                  ; --            ; --          ; auto_signaltap_0                  ;
; SLD_NODE_PARAMETER_ASSIGNMENT        ; SLD_STORAGE_QUALIFIER_INVERSION_MASK_LENGTH=0                                                                                                                                                           ; --            ; --          ; auto_signaltap_0                  ;
; SLD_NODE_PARAMETER_ASSIGNMENT        ; SLD_SEGMENT_SIZE=128                                                                                                                                                                                    ; --            ; --          ; auto_signaltap_0                  ;
; SLD_NODE_PARAMETER_ASSIGNMENT        ; SLD_ATTRIBUTE_MEM_MODE=OFF                                                                                                                                                                              ; --            ; --          ; auto_signaltap_0                  ;
; SLD_NODE_PARAMETER_ASSIGNMENT        ; SLD_STATE_FLOW_USE_GENERATED=0                                                                                                                                                                          ; --            ; --          ; auto_signaltap_0                  ;
; SLD_NODE_PARAMETER_ASSIGNMENT        ; SLD_STATE_BITS=11                                                                                                                                                                                       ; --            ; --          ; auto_signaltap_0                  ;
; SLD_NODE_PARAMETER_ASSIGNMENT        ; SLD_BUFFER_FULL_STOP=1                                                                                                                                                                                  ; --            ; --          ; auto_signaltap_0                  ;
; SLD_NODE_PARAMETER_ASSIGNMENT        ; SLD_CURRENT_RESOURCE_WIDTH=1                                                                                                                                                                            ; --            ; --          ; auto_signaltap_0                  ;
; SLD_NODE_PARAMETER_ASSIGNMENT        ; SLD_INCREMENTAL_ROUTING=1                                                                                                                                                                               ; --            ; --          ; auto_signaltap_0                  ;
; SLD_NODE_PARAMETER_ASSIGNMENT        ; SLD_TRIGGER_LEVEL=1                                                                                                                                                                                     ; --            ; --          ; auto_signaltap_0                  ;
; SLD_NODE_PARAMETER_ASSIGNMENT        ; SLD_SAMPLE_DEPTH=128                                                                                                                                                                                    ; --            ; --          ; auto_signaltap_0                  ;
; SLD_NODE_PARAMETER_ASSIGNMENT        ; SLD_TRIGGER_IN_ENABLED=0                                                                                                                                                                                ; --            ; --          ; auto_signaltap_0                  ;
; SLD_NODE_PARAMETER_ASSIGNMENT        ; SLD_TRIGGER_PIPELINE=0                                                                                                                                                                                  ; --            ; --          ; auto_signaltap_0                  ;
; SLD_NODE_PARAMETER_ASSIGNMENT        ; SLD_RAM_PIPELINE=2                                                                                                                                                                                      ; --            ; --          ; auto_signaltap_0                  ;
; SLD_NODE_PARAMETER_ASSIGNMENT        ; SLD_COUNTER_PIPELINE=0                                                                                                                                                                                  ; --            ; --          ; auto_signaltap_0                  ;
; SLD_NODE_PARAMETER_ASSIGNMENT        ; SLD_ADVANCED_TRIGGER_ENTITY=basic,1,                                                                                                                                                                    ; --            ; --          ; auto_signaltap_0                  ;
; SLD_NODE_PARAMETER_ASSIGNMENT        ; SLD_TRIGGER_LEVEL_PIPELINE=1                                                                                                                                                                            ; --            ; --          ; auto_signaltap_0                  ;
; SLD_NODE_PARAMETER_ASSIGNMENT        ; SLD_ENABLE_ADVANCED_TRIGGER=0                                                                                                                                                                           ; --            ; --          ; auto_signaltap_0                  ;
; SLD_NODE_PARAMETER_ASSIGNMENT        ; SLD_DATA_BITS=53                                                                                                                                                                                        ; --            ; --          ; auto_signaltap_0                  ;
; SLD_NODE_PARAMETER_ASSIGNMENT        ; SLD_TRIGGER_BITS=53                                                                                                                                                                                     ; --            ; --          ; auto_signaltap_0                  ;
; SLD_NODE_PARAMETER_ASSIGNMENT        ; SLD_STORAGE_QUALIFIER_BITS=53                                                                                                                                                                           ; --            ; --          ; auto_signaltap_0                  ;
; SLD_NODE_PARAMETER_ASSIGNMENT        ; SLD_INVERSION_MASK=000000000000000000000000000000000000000000000000000000000000000000000000000000000000000000000000000000000000000000000000000000000000000000000000000000000000000000000000000000000000 ; --            ; --          ; auto_signaltap_0                  ;
; SLD_NODE_PARAMETER_ASSIGNMENT        ; SLD_INVERSION_MASK_LENGTH=180                                                                                                                                                                           ; --            ; --          ; auto_signaltap_0                  ;
; TOP_LEVEL_ENTITY                     ; oled_drive                                                                                                                                                                                              ; oled          ; --          ; --                                ;
; USE_SIGNALTAP_FILE                   ; output_files/stp1.stp                                                                                                                                                                                   ; --            ; --          ; --                                ;
+--------------------------------------+---------------------------------------------------------------------------------------------------------------------------------------------------------------------------------------------------------+---------------+-------------+-----------------------------------+


+--------------------------------------------------------------------------------------------------------------------------+
; Flow Elapsed Time                                                                                                        ;
+----------------------+--------------+-------------------------+---------------------+------------------------------------+
; Module Name          ; Elapsed Time ; Average Processors Used ; Peak Virtual Memory ; Total CPU Time (on all processors) ;
+----------------------+--------------+-------------------------+---------------------+------------------------------------+
; Analysis & Synthesis ; 00:00:49     ; 1.0                     ; 4995 MB             ; 00:01:02                           ;
; Fitter               ; 00:00:20     ; 1.3                     ; 5655 MB             ; 00:00:34                           ;
; Assembler            ; 00:00:02     ; 1.0                     ; 4733 MB             ; 00:00:02                           ;
; Total                ; 00:01:11     ; --                      ; --                  ; 00:01:38                           ;
+----------------------+--------------+-------------------------+---------------------+------------------------------------+


+------------------------------------------------------------------------------------+
; Flow OS Summary                                                                    ;
+----------------------+------------------+------------+------------+----------------+
; Module Name          ; Machine Hostname ; OS Name    ; OS Version ; Processor type ;
+----------------------+------------------+------------+------------+----------------+
; Analysis & Synthesis ; DESKTOP-BF1II5P  ; Windows 10 ; 10.0       ; x86_64         ;
; Fitter               ; DESKTOP-BF1II5P  ; Windows 10 ; 10.0       ; x86_64         ;
; Assembler            ; DESKTOP-BF1II5P  ; Windows 10 ; 10.0       ; x86_64         ;
+----------------------+------------------+------------+------------+----------------+


------------
; Flow Log ;
------------
quartus_map --read_settings_files=on --write_settings_files=off oled -c oled
quartus_fit --read_settings_files=off --write_settings_files=off oled -c oled
quartus_asm --read_settings_files=off --write_settings_files=off oled -c oled



